#
# There is insufficient memory for the Java Runtime Environment to continue.
# Native memory allocation (malloc) failed to allocate 2220608 bytes for Chunk::new
# Possible reasons:
#   The system is out of physical RAM or swap space
#   The process is running with CompressedOops enabled, and the Java Heap may be blocking the growth of the native heap
# Possible solutions:
#   Reduce memory load on the system
#   Increase physical memory or swap space
#   Check if swap backing store is full
#   Decrease Java heap size (-Xmx/-Xms)
#   Decrease number of Java threads
#   Decrease Java thread stack sizes (-Xss)
#   Set larger code cache with -XX:ReservedCodeCacheSize=
#   JVM is running with Unscaled Compressed Oops mode in which the Java heap is
#     placed in the first 4GB address space. The Java Heap base address is the
#     maximum limit for the native heap growth. Please use -XX:HeapBaseMinAddress
#     to set the Java Heap base and to place the Java Heap above 4GB virtual address.
# This output file may be truncated or incomplete.
#
#  Out of Memory Error (arena.cpp:191), pid=4112, tid=11092
#
# JRE version: OpenJDK Runtime Environment Temurin-17.0.10+7 (17.0.10+7) (build 17.0.10+7)
# Java VM: OpenJDK 64-Bit Server VM Temurin-17.0.10+7 (17.0.10+7, mixed mode, tiered, compressed oops, compressed class ptrs, parallel gc, windows-amd64)
# No core dump will be written. Minidumps are not enabled by default on client versions of Windows
#

---------------  S U M M A R Y ------------

Command Line: --add-modules=ALL-SYSTEM --add-opens=java.base/java.util=ALL-UNNAMED --add-opens=java.base/java.lang=ALL-UNNAMED --add-opens=java.base/sun.nio.fs=ALL-UNNAMED -Declipse.application=org.eclipse.jdt.ls.core.id1 -Dosgi.bundles.defaultStartLevel=4 -Declipse.product=org.eclipse.jdt.ls.core.product -Djava.import.generatesMetadataFilesAtProjectRoot=false -DDetectVMInstallationsJob.disabled=true -Dfile.encoding=utf8 -XX:+UseParallelGC -XX:GCTimeRatio=4 -XX:AdaptiveSizePolicyWeight=90 -Dsun.zip.disableMemoryMapping=true -Xmx1G -Xms100m -Xlog:disable -javaagent:c:\Users\admin\.vscode\extensions\redhat.java-1.28.1-win32-x64\lombok\lombok-1.18.31.jar -XX:+HeapDumpOnOutOfMemoryError -XX:HeapDumpPath=c:\Users\admin\AppData\Roaming\Code\User\workspaceStorage\86684435ecdaca7268f7fd177b7a199d\redhat.java -Daether.dependencyCollector.impl=bf c:\Users\admin\.vscode\extensions\redhat.java-1.28.1-win32-x64\server\plugins\org.eclipse.equinox.launcher_1.6.700.v20231214-2017.jar -configuration c:\Users\admin\AppData\Roaming\Code\User\globalStorage\redhat.java\1.28.1\config_win -data c:\Users\admin\AppData\Roaming\Code\User\workspaceStorage\86684435ecdaca7268f7fd177b7a199d\redhat.java\jdt_ws --stdio

Host: Intel(R) Core(TM) i5-1035G1 CPU @ 1.00GHz, 8 cores, 11G,  Windows 11 , 64 bit Build 22621 (10.0.22621.3235)
Time: Thu Mar 14 17:12:34 2024 SE Asia Standard Time elapsed time: 24.514033 seconds (0d 0h 0m 24s)

---------------  T H R E A D  ---------------

Current thread (0x000002b7890fe840):  JavaThread "C2 CompilerThread1" daemon [_thread_in_native, id=11092, stack(0x000000f5c5900000,0x000000f5c5a00000)]


Current CompileTask:
C2:  24514 4653   !   4       org.eclipse.osgi.internal.loader.classpath.ClasspathManager::defineClass (636 bytes)

Stack: [0x000000f5c5900000,0x000000f5c5a00000]
Native frames: (J=compiled Java code, j=interpreted, Vv=VM code, C=native code)
V  [jvm.dll+0x67d2c9]
V  [jvm.dll+0x834afa]
V  [jvm.dll+0x8365be]
V  [jvm.dll+0x836c23]
V  [jvm.dll+0x2477ff]
V  [jvm.dll+0xac514]
V  [jvm.dll+0xacb5c]
V  [jvm.dll+0x3667d7]
V  [jvm.dll+0x1bcf72]
V  [jvm.dll+0x21a049]
V  [jvm.dll+0x219311]
V  [jvm.dll+0x1a502d]
V  [jvm.dll+0x2290de]
V  [jvm.dll+0x2272ac]
V  [jvm.dll+0x7e9bb7]
V  [jvm.dll+0x7e3fba]
V  [jvm.dll+0x67c1b5]
C  [ucrtbase.dll+0x29363]
C  [KERNEL32.DLL+0x1257d]
C  [ntdll.dll+0x5aa58]


---------------  P R O C E S S  ---------------

Threads class SMR info:
_java_thread_list=0x000002b786bea9e0, length=29, elements={
0x000002b7e55fc3e0, 0x000002b7e56abec0, 0x000002b7e56aeaa0, 0x000002b785059330,
0x000002b785059ef0, 0x000002b78505aab0, 0x000002b78505b670, 0x000002b78505e570,
0x000002b7850bfa80, 0x000002b7850c1fb0, 0x000002b7851adbf0, 0x000002b7853098d0,
0x000002b78689b420, 0x000002b78688cd60, 0x000002b786adf9c0, 0x000002b786c1ad60,
0x000002b786ad3fa0, 0x000002b786e33f40, 0x000002b786e32b00, 0x000002b786e316c0,
0x000002b786e33520, 0x000002b786e33a30, 0x000002b786e311b0, 0x000002b786e325f0,
0x000002b7890fe840, 0x000002b7894be4f0, 0x000002b78993b780, 0x000002b78993c1a0,
0x000002b789939e30
}

Java Threads: ( => current thread )
  0x000002b7e55fc3e0 JavaThread "main" [_thread_blocked, id=12464, stack(0x000000f5c3700000,0x000000f5c3800000)]
  0x000002b7e56abec0 JavaThread "Reference Handler" daemon [_thread_blocked, id=12428, stack(0x000000f5c3a00000,0x000000f5c3b00000)]
  0x000002b7e56aeaa0 JavaThread "Finalizer" daemon [_thread_blocked, id=7712, stack(0x000000f5c3b00000,0x000000f5c3c00000)]
  0x000002b785059330 JavaThread "Signal Dispatcher" daemon [_thread_blocked, id=13360, stack(0x000000f5c3c00000,0x000000f5c3d00000)]
  0x000002b785059ef0 JavaThread "Attach Listener" daemon [_thread_blocked, id=7796, stack(0x000000f5c3d00000,0x000000f5c3e00000)]
  0x000002b78505aab0 JavaThread "Service Thread" daemon [_thread_blocked, id=1484, stack(0x000000f5c3e00000,0x000000f5c3f00000)]
  0x000002b78505b670 JavaThread "Monitor Deflation Thread" daemon [_thread_blocked, id=14884, stack(0x000000f5c3f00000,0x000000f5c4000000)]
  0x000002b78505e570 JavaThread "C2 CompilerThread0" daemon [_thread_in_native, id=15328, stack(0x000000f5c4000000,0x000000f5c4100000)]
  0x000002b7850bfa80 JavaThread "C1 CompilerThread0" daemon [_thread_blocked, id=13252, stack(0x000000f5c4100000,0x000000f5c4200000)]
  0x000002b7850c1fb0 JavaThread "Sweeper thread" daemon [_thread_blocked, id=3952, stack(0x000000f5c4200000,0x000000f5c4300000)]
  0x000002b7851adbf0 JavaThread "Common-Cleaner" daemon [_thread_blocked, id=9440, stack(0x000000f5c4300000,0x000000f5c4400000)]
  0x000002b7853098d0 JavaThread "Notification Thread" daemon [_thread_blocked, id=14080, stack(0x000000f5c4400000,0x000000f5c4500000)]
  0x000002b78689b420 JavaThread "Active Thread: Equinox Container: b3bfeb4d-9e02-4efc-b774-f8ca35d911b7" [_thread_blocked, id=7600, stack(0x000000f5c4c00000,0x000000f5c4d00000)]
  0x000002b78688cd60 JavaThread "Framework Event Dispatcher: Equinox Container: b3bfeb4d-9e02-4efc-b774-f8ca35d911b7" daemon [_thread_blocked, id=12200, stack(0x000000f5c4e00000,0x000000f5c4f00000)]
  0x000002b786adf9c0 JavaThread "Start Level: Equinox Container: b3bfeb4d-9e02-4efc-b774-f8ca35d911b7" daemon [_thread_blocked, id=4352, stack(0x000000f5c4f00000,0x000000f5c5000000)]
  0x000002b786c1ad60 JavaThread "Bundle File Closer" daemon [_thread_blocked, id=500, stack(0x000000f5c5100000,0x000000f5c5200000)]
  0x000002b786ad3fa0 JavaThread "SCR Component Actor" daemon [_thread_blocked, id=10004, stack(0x000000f5c5000000,0x000000f5c5100000)]
  0x000002b786e33f40 JavaThread "Worker-JM" [_thread_blocked, id=12360, stack(0x000000f5c5300000,0x000000f5c5400000)]
  0x000002b786e32b00 JavaThread "Worker-0: Repository registry initialization" [_thread_in_vm, id=2384, stack(0x000000f5c5400000,0x000000f5c5500000)]
  0x000002b786e316c0 JavaThread "Worker-1: Loading available Gradle versions" [_thread_in_Java, id=14280, stack(0x000000f5c5500000,0x000000f5c5600000)]
  0x000002b786e33520 JavaThread "Worker-2" [_thread_blocked, id=4860, stack(0x000000f5c5700000,0x000000f5c5800000)]
  0x000002b786e33a30 JavaThread "Java indexing" daemon [_thread_blocked, id=8096, stack(0x000000f5c5800000,0x000000f5c5900000)]
  0x000002b786e311b0 JavaThread "JNA Cleaner" daemon [_thread_blocked, id=13332, stack(0x000000f5c5200000,0x000000f5c5300000)]
  0x000002b786e325f0 JavaThread "pool-2-thread-1" [_thread_blocked, id=8604, stack(0x000000f5c5600000,0x000000f5c5700000)]
=>0x000002b7890fe840 JavaThread "C2 CompilerThread1" daemon [_thread_in_native, id=11092, stack(0x000000f5c5900000,0x000000f5c5a00000)]
  0x000002b7894be4f0 JavaThread "C2 CompilerThread2" daemon [_thread_in_native, id=8792, stack(0x000000f5c5a00000,0x000000f5c5b00000)]
  0x000002b78993b780 JavaThread "WorkspaceEventsHandler" [_thread_blocked, id=15128, stack(0x000000f5c5b00000,0x000000f5c5c00000)]
  0x000002b78993c1a0 JavaThread "pool-1-thread-1" [_thread_in_vm, id=1532, stack(0x000000f5c5c00000,0x000000f5c5d00000)]
  0x000002b789939e30 JavaThread "Worker-3" [_thread_new, id=8344, stack(0x0000000000000000,0x0000000000000000)]

Other Threads:
  0x000002b7e56a9a10 VMThread "VM Thread" [stack: 0x000000f5c3900000,0x000000f5c3a00000] [id=6472]
  0x000002b7852de9a0 WatcherThread [stack: 0x000000f5c4500000,0x000000f5c4600000] [id=12832]
  0x000002b7e5611440 GCTaskThread "GC Thread#0" [stack: 0x000000f5c3800000,0x000000f5c3900000] [id=13396]
  0x000002b7865f7750 GCTaskThread "GC Thread#1" [stack: 0x000000f5c4600000,0x000000f5c4700000] [id=16136]
  0x000002b78659abe0 GCTaskThread "GC Thread#2" [stack: 0x000000f5c4700000,0x000000f5c4800000] [id=17036]
  0x000002b78659aea0 GCTaskThread "GC Thread#3" [stack: 0x000000f5c4800000,0x000000f5c4900000] [id=4348]
  0x000002b78659b160 GCTaskThread "GC Thread#4" [stack: 0x000000f5c4900000,0x000000f5c4a00000] [id=12028]
  0x000002b78659b420 GCTaskThread "GC Thread#5" [stack: 0x000000f5c4a00000,0x000000f5c4b00000] [id=480]
  0x000002b78659b6e0 GCTaskThread "GC Thread#6" [stack: 0x000000f5c4b00000,0x000000f5c4c00000] [id=10528]
  0x000002b786c7feb0 GCTaskThread "GC Thread#7" [stack: 0x000000f5c4d00000,0x000000f5c4e00000] [id=8120]

Threads with active compile tasks:
C2 CompilerThread0    24608 4775   !   4       org.eclipse.osgi.internal.loader.BundleLoader::findClass0 (470 bytes)
C1 CompilerThread0    24608 5159       3       com.google.inject.internal.aop.ClassBuilding::signature (10 bytes)
C2 CompilerThread1    24609 4653   !   4       org.eclipse.osgi.internal.loader.classpath.ClasspathManager::defineClass (636 bytes)
C2 CompilerThread2    24609 5141       4       org.eclipse.osgi.internal.loader.BundleLoader::getProviderLoader (77 bytes)

VM state: not at safepoint (normal execution)

VM Mutex/Monitor currently owned by a thread: None

Heap address: 0x00000000c0000000, size: 1024 MB, Compressed Oops mode: 32-bit

CDS archive(s) not mapped
Compressed class space mapped at: 0x0000000100000000-0x0000000140000000, reserved size: 1073741824
Narrow klass base: 0x0000000000000000, Narrow klass shift: 3, Narrow klass range: 0x140000000

GC Precious Log:
 CPUs: 8 total, 8 available
 Memory: 12055M
 Large Page Support: Disabled
 NUMA Support: Disabled
 Compressed Oops: Enabled (32-bit)
 Alignments: Space 512K, Generation 512K, Heap 2M
 Heap Min Capacity: 100M
 Heap Initial Capacity: 100M
 Heap Max Capacity: 1G
 Pre-touch: Disabled
 Parallel Workers: 8

Heap:
 PSYoungGen      total 23040K, used 19698K [0x00000000eab00000, 0x00000000ec480000, 0x0000000100000000)
  eden space 22016K, 84% used [0x00000000eab00000,0x00000000ebd3c860,0x00000000ec080000)
  from space 1024K, 100% used [0x00000000ec380000,0x00000000ec480000,0x00000000ec480000)
  to   space 1536K, 0% used [0x00000000ec180000,0x00000000ec180000,0x00000000ec300000)
 ParOldGen       total 68608K, used 18388K [0x00000000c0000000, 0x00000000c4300000, 0x00000000eab00000)
  object space 68608K, 26% used [0x00000000c0000000,0x00000000c11f5148,0x00000000c4300000)
 Metaspace       used 47505K, committed 48640K, reserved 1114112K
  class space    used 5129K, committed 5632K, reserved 1048576K

Card table byte_map: [0x000002b7f8c60000,0x000002b7f8e70000] _byte_map_base: 0x000002b7f8660000

Marking Bits: (ParMarkBitMap*) 0x00007ffbc17cd7d0
 Begin Bits: [0x000002b7f8fd0000, 0x000002b7f9fd0000)
 End Bits:   [0x000002b7f9fd0000, 0x000002b7fafd0000)

Polling page: 0x000002b7e56b0000

Metaspace:

Usage:
  Non-class:     41.38 MB used.
      Class:      5.01 MB used.
       Both:     46.39 MB used.

Virtual space:
  Non-class space:       64.00 MB reserved,      42.00 MB ( 66%) committed,  1 nodes.
      Class space:        1.00 GB reserved,       5.50 MB ( <1%) committed,  1 nodes.
             Both:        1.06 GB reserved,      47.50 MB (  4%) committed. 

Chunk freelists:
   Non-Class:  5.92 MB
       Class:  10.41 MB
        Both:  16.33 MB

MaxMetaspaceSize: unlimited
CompressedClassSpaceSize: 1.00 GB
Initial GC threshold: 21.00 MB
Current GC threshold: 58.38 MB
CDS: off
MetaspaceReclaimPolicy: balanced
 - commit_granule_bytes: 65536.
 - commit_granule_words: 8192.
 - virtual_space_node_default_size: 8388608.
 - enlarge_chunks_in_place: 1.
 - new_chunks_are_fully_committed: 0.
 - uncommit_free_chunks: 1.
 - use_allocation_guard: 0.
 - handle_deallocations: 1.


Internal statistics:

num_allocs_failed_limit: 6.
num_arena_births: 674.
num_arena_deaths: 14.
num_vsnodes_births: 2.
num_vsnodes_deaths: 0.
num_space_committed: 760.
num_space_uncommitted: 0.
num_chunks_returned_to_freelist: 20.
num_chunks_taken_from_freelist: 2535.
num_chunk_merges: 9.
num_chunk_splits: 1508.
num_chunks_enlarged: 799.
num_inconsistent_stats: 0.

CodeHeap 'non-profiled nmethods': size=120000Kb used=2474Kb max_used=2474Kb free=117525Kb
 bounds [0x000002b7f1550000, 0x000002b7f17c0000, 0x000002b7f8a80000]
CodeHeap 'profiled nmethods': size=120000Kb used=10989Kb max_used=10989Kb free=109010Kb
 bounds [0x000002b7e9a80000, 0x000002b7ea540000, 0x000002b7f0fb0000]
CodeHeap 'non-nmethods': size=5760Kb used=1287Kb max_used=1335Kb free=4472Kb
 bounds [0x000002b7f0fb0000, 0x000002b7f1220000, 0x000002b7f1550000]
 total_blobs=5748 nmethods=5148 adapters=514
 compilation: enabled
              stopped_count=0, restarted_count=0
 full_count=0

Compilation events (20 events):
Event: 24.487 Thread 0x000002b7850bfa80 5108       3       com.google.inject.internal.asm.$MethodWriter::visitFrame (811 bytes)
Event: 24.488 Thread 0x000002b7894be4f0 nmethod 5100 0x000002b7f17b8990 code [0x000002b7f17b8b20, 0x000002b7f17b8c68]
Event: 24.491 Thread 0x000002b7894be4f0 5109       4       java.util.TimSort::binarySort (223 bytes)
Event: 24.493 Thread 0x000002b7850bfa80 nmethod 5108 0x000002b7ea50fb10 code [0x000002b7ea510020, 0x000002b7ea5123d8]
Event: 24.493 Thread 0x000002b7850bfa80 5107       3       com.google.inject.internal.asm.$Label::addForwardReference (102 bytes)
Event: 24.493 Thread 0x000002b7850bfa80 nmethod 5107 0x000002b7ea513390 code [0x000002b7ea513540, 0x000002b7ea5139c8]
Event: 24.493 Thread 0x000002b7850bfa80 5110       3       com.google.inject.internal.asm.$AnnotationWriter::putAnnotations (67 bytes)
Event: 24.494 Thread 0x000002b7850bfa80 nmethod 5110 0x000002b7ea513b90 code [0x000002b7ea513da0, 0x000002b7ea5141d8]
Event: 24.494 Thread 0x000002b7850bfa80 5111       3       java.util.TreeMap::getFirstEntry (26 bytes)
Event: 24.495 Thread 0x000002b7850bfa80 nmethod 5111 0x000002b7ea514490 code [0x000002b7ea514640, 0x000002b7ea514838]
Event: 24.495 Thread 0x000002b7850bfa80 5112       3       java.util.TreeMap$PrivateEntryIterator::<init> (28 bytes)
Event: 24.495 Thread 0x000002b7850bfa80 nmethod 5112 0x000002b7ea514910 code [0x000002b7ea514aa0, 0x000002b7ea514c58]
Event: 24.501 Thread 0x000002b7850bfa80 5113       3       com.google.inject.internal.aop.ClassBuilding$$Lambda$279/0x000000010053d878::accept (12 bytes)
Event: 24.502 Thread 0x000002b7850bfa80 nmethod 5113 0x000002b7ea514d90 code [0x000002b7ea514f80, 0x000002b7ea515568]
Event: 24.502 Thread 0x000002b7850bfa80 5114       3       com.google.inject.internal.aop.ClassBuilding::lambda$buildFastClass$4 (13 bytes)
Event: 24.504 Thread 0x000002b7850bfa80 nmethod 5114 0x000002b7ea515790 code [0x000002b7ea515960, 0x000002b7ea515de8]
Event: 24.504 Thread 0x000002b7850bfa80 5115       3       com.google.inject.internal.aop.FastClass::generateMethodInvoker (121 bytes)
Event: 24.507 Thread 0x000002b7850bfa80 nmethod 5115 0x000002b7ea515f90 code [0x000002b7ea5161e0, 0x000002b7ea516948]
Event: 24.508 Thread 0x000002b7850bfa80 5116       3       java.util.TreeMap$KeyIterator::next (8 bytes)
Event: 24.508 Thread 0x000002b7850bfa80 nmethod 5116 0x000002b7ea516c90 code [0x000002b7ea516e40, 0x000002b7ea516f88]

GC Heap History (20 events):
Event: 16.608 GC heap before
{Heap before GC invocations=7 (full 1):
 PSYoungGen      total 26112K, used 26049K [0x00000000eab00000, 0x00000000ec980000, 0x0000000100000000)
  eden space 25088K, 100% used [0x00000000eab00000,0x00000000ec380000,0x00000000ec380000)
  from space 1024K, 93% used [0x00000000ec400000,0x00000000ec4f06f8,0x00000000ec500000)
  to   space 3072K, 0% used [0x00000000ec680000,0x00000000ec680000,0x00000000ec980000)
 ParOldGen       total 68608K, used 10419K [0x00000000c0000000, 0x00000000c4300000, 0x00000000eab00000)
  object space 68608K, 15% used [0x00000000c0000000,0x00000000c0a2cc40,0x00000000c4300000)
 Metaspace       used 27439K, committed 28224K, reserved 1114112K
  class space    used 2833K, committed 3200K, reserved 1048576K
}
Event: 16.613 GC heap after
{Heap after GC invocations=7 (full 1):
 PSYoungGen      total 27136K, used 3057K [0x00000000eab00000, 0x00000000ecb00000, 0x0000000100000000)
  eden space 24064K, 0% used [0x00000000eab00000,0x00000000eab00000,0x00000000ec280000)
  from space 3072K, 99% used [0x00000000ec680000,0x00000000ec97c510,0x00000000ec980000)
  to   space 4096K, 0% used [0x00000000ec280000,0x00000000ec280000,0x00000000ec680000)
 ParOldGen       total 68608K, used 10744K [0x00000000c0000000, 0x00000000c4300000, 0x00000000eab00000)
  object space 68608K, 15% used [0x00000000c0000000,0x00000000c0a7e1c8,0x00000000c4300000)
 Metaspace       used 27439K, committed 28224K, reserved 1114112K
  class space    used 2833K, committed 3200K, reserved 1048576K
}
Event: 17.444 GC heap before
{Heap before GC invocations=8 (full 1):
 PSYoungGen      total 27136K, used 27121K [0x00000000eab00000, 0x00000000ecb00000, 0x0000000100000000)
  eden space 24064K, 100% used [0x00000000eab00000,0x00000000ec280000,0x00000000ec280000)
  from space 3072K, 99% used [0x00000000ec680000,0x00000000ec97c510,0x00000000ec980000)
  to   space 4096K, 0% used [0x00000000ec280000,0x00000000ec280000,0x00000000ec680000)
 ParOldGen       total 68608K, used 10744K [0x00000000c0000000, 0x00000000c4300000, 0x00000000eab00000)
  object space 68608K, 15% used [0x00000000c0000000,0x00000000c0a7e1c8,0x00000000c4300000)
 Metaspace       used 29991K, committed 30784K, reserved 1114112K
  class space    used 2995K, committed 3328K, reserved 1048576K
}
Event: 17.447 GC heap after
{Heap after GC invocations=8 (full 1):
 PSYoungGen      total 27136K, used 3406K [0x00000000eab00000, 0x00000000ec900000, 0x0000000100000000)
  eden space 23552K, 0% used [0x00000000eab00000,0x00000000eab00000,0x00000000ec200000)
  from space 3584K, 95% used [0x00000000ec280000,0x00000000ec5d3ba0,0x00000000ec600000)
  to   space 3072K, 0% used [0x00000000ec600000,0x00000000ec600000,0x00000000ec900000)
 ParOldGen       total 68608K, used 10752K [0x00000000c0000000, 0x00000000c4300000, 0x00000000eab00000)
  object space 68608K, 15% used [0x00000000c0000000,0x00000000c0a801c8,0x00000000c4300000)
 Metaspace       used 29991K, committed 30784K, reserved 1114112K
  class space    used 2995K, committed 3328K, reserved 1048576K
}
Event: 18.869 GC heap before
{Heap before GC invocations=9 (full 1):
 PSYoungGen      total 27136K, used 26958K [0x00000000eab00000, 0x00000000ec900000, 0x0000000100000000)
  eden space 23552K, 100% used [0x00000000eab00000,0x00000000ec200000,0x00000000ec200000)
  from space 3584K, 95% used [0x00000000ec280000,0x00000000ec5d3ba0,0x00000000ec600000)
  to   space 3072K, 0% used [0x00000000ec600000,0x00000000ec600000,0x00000000ec900000)
 ParOldGen       total 68608K, used 10752K [0x00000000c0000000, 0x00000000c4300000, 0x00000000eab00000)
  object space 68608K, 15% used [0x00000000c0000000,0x00000000c0a801c8,0x00000000c4300000)
 Metaspace       used 33152K, committed 33984K, reserved 1114112K
  class space    used 3331K, committed 3712K, reserved 1048576K
}
Event: 18.874 GC heap after
{Heap after GC invocations=9 (full 1):
 PSYoungGen      total 26112K, used 3040K [0x00000000eab00000, 0x00000000ec900000, 0x0000000100000000)
  eden space 23040K, 0% used [0x00000000eab00000,0x00000000eab00000,0x00000000ec180000)
  from space 3072K, 98% used [0x00000000ec600000,0x00000000ec8f8108,0x00000000ec900000)
  to   space 3584K, 0% used [0x00000000ec200000,0x00000000ec200000,0x00000000ec580000)
 ParOldGen       total 68608K, used 11165K [0x00000000c0000000, 0x00000000c4300000, 0x00000000eab00000)
  object space 68608K, 16% used [0x00000000c0000000,0x00000000c0ae7620,0x00000000c4300000)
 Metaspace       used 33152K, committed 33984K, reserved 1114112K
  class space    used 3331K, committed 3712K, reserved 1048576K
}
Event: 19.429 GC heap before
{Heap before GC invocations=10 (full 1):
 PSYoungGen      total 26112K, used 26080K [0x00000000eab00000, 0x00000000ec900000, 0x0000000100000000)
  eden space 23040K, 100% used [0x00000000eab00000,0x00000000ec180000,0x00000000ec180000)
  from space 3072K, 98% used [0x00000000ec600000,0x00000000ec8f8108,0x00000000ec900000)
  to   space 3584K, 0% used [0x00000000ec200000,0x00000000ec200000,0x00000000ec580000)
 ParOldGen       total 68608K, used 11165K [0x00000000c0000000, 0x00000000c4300000, 0x00000000eab00000)
  object space 68608K, 16% used [0x00000000c0000000,0x00000000c0ae7620,0x00000000c4300000)
 Metaspace       used 35041K, committed 35840K, reserved 1114112K
  class space    used 3535K, committed 3904K, reserved 1048576K
}
Event: 19.438 GC heap after
{Heap after GC invocations=10 (full 1):
 PSYoungGen      total 25600K, used 2765K [0x00000000eab00000, 0x00000000ec700000, 0x0000000100000000)
  eden space 22528K, 0% used [0x00000000eab00000,0x00000000eab00000,0x00000000ec100000)
  from space 3072K, 90% used [0x00000000ec200000,0x00000000ec4b3708,0x00000000ec500000)
  to   space 2048K, 0% used [0x00000000ec500000,0x00000000ec500000,0x00000000ec700000)
 ParOldGen       total 68608K, used 13818K [0x00000000c0000000, 0x00000000c4300000, 0x00000000eab00000)
  object space 68608K, 20% used [0x00000000c0000000,0x00000000c0d7ea30,0x00000000c4300000)
 Metaspace       used 35041K, committed 35840K, reserved 1114112K
  class space    used 3535K, committed 3904K, reserved 1048576K
}
Event: 19.441 GC heap before
{Heap before GC invocations=11 (full 1):
 PSYoungGen      total 25600K, used 3200K [0x00000000eab00000, 0x00000000ec700000, 0x0000000100000000)
  eden space 22528K, 1% used [0x00000000eab00000,0x00000000eab6cb88,0x00000000ec100000)
  from space 3072K, 90% used [0x00000000ec200000,0x00000000ec4b3708,0x00000000ec500000)
  to   space 2048K, 0% used [0x00000000ec500000,0x00000000ec500000,0x00000000ec700000)
 ParOldGen       total 68608K, used 13818K [0x00000000c0000000, 0x00000000c4300000, 0x00000000eab00000)
  object space 68608K, 20% used [0x00000000c0000000,0x00000000c0d7ea30,0x00000000c4300000)
 Metaspace       used 35086K, committed 35840K, reserved 1114112K
  class space    used 3546K, committed 3904K, reserved 1048576K
}
Event: 19.446 GC heap after
{Heap after GC invocations=11 (full 1):
 PSYoungGen      total 24576K, used 1627K [0x00000000eab00000, 0x00000000ec700000, 0x0000000100000000)
  eden space 22528K, 0% used [0x00000000eab00000,0x00000000eab00000,0x00000000ec100000)
  from space 2048K, 79% used [0x00000000ec500000,0x00000000ec696da0,0x00000000ec700000)
  to   space 2560K, 0% used [0x00000000ec200000,0x00000000ec200000,0x00000000ec480000)
 ParOldGen       total 68608K, used 15043K [0x00000000c0000000, 0x00000000c4300000, 0x00000000eab00000)
  object space 68608K, 21% used [0x00000000c0000000,0x00000000c0eb0c50,0x00000000c4300000)
 Metaspace       used 35086K, committed 35840K, reserved 1114112K
  class space    used 3546K, committed 3904K, reserved 1048576K
}
Event: 19.446 GC heap before
{Heap before GC invocations=12 (full 2):
 PSYoungGen      total 24576K, used 1627K [0x00000000eab00000, 0x00000000ec700000, 0x0000000100000000)
  eden space 22528K, 0% used [0x00000000eab00000,0x00000000eab00000,0x00000000ec100000)
  from space 2048K, 79% used [0x00000000ec500000,0x00000000ec696da0,0x00000000ec700000)
  to   space 2560K, 0% used [0x00000000ec200000,0x00000000ec200000,0x00000000ec480000)
 ParOldGen       total 68608K, used 15043K [0x00000000c0000000, 0x00000000c4300000, 0x00000000eab00000)
  object space 68608K, 21% used [0x00000000c0000000,0x00000000c0eb0c50,0x00000000c4300000)
 Metaspace       used 35086K, committed 35840K, reserved 1114112K
  class space    used 3546K, committed 3904K, reserved 1048576K
}
Event: 19.514 GC heap after
{Heap after GC invocations=12 (full 2):
 PSYoungGen      total 24576K, used 0K [0x00000000eab00000, 0x00000000ec700000, 0x0000000100000000)
  eden space 22528K, 0% used [0x00000000eab00000,0x00000000eab00000,0x00000000ec100000)
  from space 2048K, 0% used [0x00000000ec500000,0x00000000ec500000,0x00000000ec700000)
  to   space 2560K, 0% used [0x00000000ec200000,0x00000000ec200000,0x00000000ec480000)
 ParOldGen       total 68608K, used 15321K [0x00000000c0000000, 0x00000000c4300000, 0x00000000eab00000)
  object space 68608K, 22% used [0x00000000c0000000,0x00000000c0ef67f8,0x00000000c4300000)
 Metaspace       used 35086K, committed 35840K, reserved 1114112K
  class space    used 3546K, committed 3904K, reserved 1048576K
}
Event: 20.959 GC heap before
{Heap before GC invocations=13 (full 2):
 PSYoungGen      total 24576K, used 22528K [0x00000000eab00000, 0x00000000ec700000, 0x0000000100000000)
  eden space 22528K, 100% used [0x00000000eab00000,0x00000000ec100000,0x00000000ec100000)
  from space 2048K, 0% used [0x00000000ec500000,0x00000000ec500000,0x00000000ec700000)
  to   space 2560K, 0% used [0x00000000ec200000,0x00000000ec200000,0x00000000ec480000)
 ParOldGen       total 68608K, used 15321K [0x00000000c0000000, 0x00000000c4300000, 0x00000000eab00000)
  object space 68608K, 22% used [0x00000000c0000000,0x00000000c0ef67f8,0x00000000c4300000)
 Metaspace       used 37122K, committed 38016K, reserved 1114112K
  class space    used 3786K, committed 4224K, reserved 1048576K
}
Event: 20.962 GC heap after
{Heap after GC invocations=13 (full 2):
 PSYoungGen      total 23552K, used 1171K [0x00000000eab00000, 0x00000000ec580000, 0x0000000100000000)
  eden space 22016K, 0% used [0x00000000eab00000,0x00000000eab00000,0x00000000ec080000)
  from space 1536K, 76% used [0x00000000ec200000,0x00000000ec324d20,0x00000000ec380000)
  to   space 1536K, 0% used [0x00000000ec400000,0x00000000ec400000,0x00000000ec580000)
 ParOldGen       total 68608K, used 15329K [0x00000000c0000000, 0x00000000c4300000, 0x00000000eab00000)
  object space 68608K, 22% used [0x00000000c0000000,0x00000000c0ef87f8,0x00000000c4300000)
 Metaspace       used 37122K, committed 38016K, reserved 1114112K
  class space    used 3786K, committed 4224K, reserved 1048576K
}
Event: 21.889 GC heap before
{Heap before GC invocations=14 (full 2):
 PSYoungGen      total 23552K, used 23187K [0x00000000eab00000, 0x00000000ec580000, 0x0000000100000000)
  eden space 22016K, 100% used [0x00000000eab00000,0x00000000ec080000,0x00000000ec080000)
  from space 1536K, 76% used [0x00000000ec200000,0x00000000ec324d20,0x00000000ec380000)
  to   space 1536K, 0% used [0x00000000ec400000,0x00000000ec400000,0x00000000ec580000)
 ParOldGen       total 68608K, used 15329K [0x00000000c0000000, 0x00000000c4300000, 0x00000000eab00000)
  object space 68608K, 22% used [0x00000000c0000000,0x00000000c0ef87f8,0x00000000c4300000)
 Metaspace       used 39637K, committed 40512K, reserved 1114112K
  class space    used 4112K, committed 4544K, reserved 1048576K
}
Event: 21.894 GC heap after
{Heap after GC invocations=14 (full 2):
 PSYoungGen      total 23040K, used 896K [0x00000000eab00000, 0x00000000ec500000, 0x0000000100000000)
  eden space 22016K, 0% used [0x00000000eab00000,0x00000000eab00000,0x00000000ec080000)
  from space 1024K, 87% used [0x00000000ec400000,0x00000000ec4e0000,0x00000000ec500000)
  to   space 1536K, 0% used [0x00000000ec200000,0x00000000ec200000,0x00000000ec380000)
 ParOldGen       total 68608K, used 16353K [0x00000000c0000000, 0x00000000c4300000, 0x00000000eab00000)
  object space 68608K, 23% used [0x00000000c0000000,0x00000000c0ff8498,0x00000000c4300000)
 Metaspace       used 39637K, committed 40512K, reserved 1114112K
  class space    used 4112K, committed 4544K, reserved 1048576K
}
Event: 22.712 GC heap before
{Heap before GC invocations=15 (full 2):
 PSYoungGen      total 23040K, used 22909K [0x00000000eab00000, 0x00000000ec500000, 0x0000000100000000)
  eden space 22016K, 99% used [0x00000000eab00000,0x00000000ec07f420,0x00000000ec080000)
  from space 1024K, 87% used [0x00000000ec400000,0x00000000ec4e0000,0x00000000ec500000)
  to   space 1536K, 0% used [0x00000000ec200000,0x00000000ec200000,0x00000000ec380000)
 ParOldGen       total 68608K, used 16353K [0x00000000c0000000, 0x00000000c4300000, 0x00000000eab00000)
  object space 68608K, 23% used [0x00000000c0000000,0x00000000c0ff8498,0x00000000c4300000)
 Metaspace       used 42601K, committed 43584K, reserved 1114112K
  class space    used 4457K, committed 4864K, reserved 1048576K
}
Event: 22.716 GC heap after
{Heap after GC invocations=15 (full 2):
 PSYoungGen      total 23552K, used 1347K [0x00000000eab00000, 0x00000000ec480000, 0x0000000100000000)
  eden space 22016K, 0% used [0x00000000eab00000,0x00000000eab00000,0x00000000ec080000)
  from space 1536K, 87% used [0x00000000ec200000,0x00000000ec350ee8,0x00000000ec380000)
  to   space 1024K, 0% used [0x00000000ec380000,0x00000000ec380000,0x00000000ec480000)
 ParOldGen       total 68608K, used 17121K [0x00000000c0000000, 0x00000000c4300000, 0x00000000eab00000)
  object space 68608K, 24% used [0x00000000c0000000,0x00000000c10b87c8,0x00000000c4300000)
 Metaspace       used 42601K, committed 43584K, reserved 1114112K
  class space    used 4457K, committed 4864K, reserved 1048576K
}
Event: 23.756 GC heap before
{Heap before GC invocations=16 (full 2):
 PSYoungGen      total 23552K, used 23363K [0x00000000eab00000, 0x00000000ec480000, 0x0000000100000000)
  eden space 22016K, 100% used [0x00000000eab00000,0x00000000ec080000,0x00000000ec080000)
  from space 1536K, 87% used [0x00000000ec200000,0x00000000ec350ee8,0x00000000ec380000)
  to   space 1024K, 0% used [0x00000000ec380000,0x00000000ec380000,0x00000000ec480000)
 ParOldGen       total 68608K, used 17121K [0x00000000c0000000, 0x00000000c4300000, 0x00000000eab00000)
  object space 68608K, 24% used [0x00000000c0000000,0x00000000c10b87c8,0x00000000c4300000)
 Metaspace       used 45266K, committed 46336K, reserved 1114112K
  class space    used 4820K, committed 5312K, reserved 1048576K
}
Event: 23.759 GC heap after
{Heap after GC invocations=16 (full 2):
 PSYoungGen      total 23040K, used 1024K [0x00000000eab00000, 0x00000000ec480000, 0x0000000100000000)
  eden space 22016K, 0% used [0x00000000eab00000,0x00000000eab00000,0x00000000ec080000)
  from space 1024K, 100% used [0x00000000ec380000,0x00000000ec480000,0x00000000ec480000)
  to   space 1536K, 0% used [0x00000000ec180000,0x00000000ec180000,0x00000000ec300000)
 ParOldGen       total 68608K, used 18388K [0x00000000c0000000, 0x00000000c4300000, 0x00000000eab00000)
  object space 68608K, 26% used [0x00000000c0000000,0x00000000c11f5148,0x00000000c4300000)
 Metaspace       used 45266K, committed 46336K, reserved 1114112K
  class space    used 4820K, committed 5312K, reserved 1048576K
}

Dll operation events (10 events):
Event: 0.135 Loaded shared library c:\Users\admin\.vscode\extensions\redhat.java-1.28.1-win32-x64\jre\17.0.10-win32-x86_64\bin\java.dll
Event: 0.988 Loaded shared library c:\Users\admin\.vscode\extensions\redhat.java-1.28.1-win32-x64\jre\17.0.10-win32-x86_64\bin\zip.dll
Event: 0.997 Loaded shared library C:\Users\admin\.vscode\extensions\redhat.java-1.28.1-win32-x64\jre\17.0.10-win32-x86_64\bin\instrument.dll
Event: 1.093 Loaded shared library C:\Users\admin\.vscode\extensions\redhat.java-1.28.1-win32-x64\jre\17.0.10-win32-x86_64\bin\net.dll
Event: 1.111 Loaded shared library C:\Users\admin\.vscode\extensions\redhat.java-1.28.1-win32-x64\jre\17.0.10-win32-x86_64\bin\nio.dll
Event: 1.149 Loaded shared library C:\Users\admin\.vscode\extensions\redhat.java-1.28.1-win32-x64\jre\17.0.10-win32-x86_64\bin\zip.dll
Event: 1.360 Loaded shared library C:\Users\admin\.vscode\extensions\redhat.java-1.28.1-win32-x64\jre\17.0.10-win32-x86_64\bin\jimage.dll
Event: 1.715 Loaded shared library c:\Users\admin\.vscode\extensions\redhat.java-1.28.1-win32-x64\jre\17.0.10-win32-x86_64\bin\verify.dll
Event: 7.667 Loaded shared library C:\Users\admin\AppData\Roaming\Code\User\globalStorage\redhat.java\1.28.1\config_win\org.eclipse.equinox.launcher\org.eclipse.equinox.launcher.win32.win32.x86_64_1.2.900.v20240129-1338\eclipse_11900.dll
Event: 22.026 Loaded shared library C:\Users\admin\AppData\Local\Temp\jna-92668751\jna3169654806919016561.dll

Deoptimization events (20 events):
Event: 23.690 Thread 0x000002b786e32b00 Uncommon trap: trap_request=0xffffff45 fr.pc=0x000002b7f176b7cc relative=0x0000000000000d2c
Event: 23.690 Thread 0x000002b786e32b00 Uncommon trap: reason=unstable_if action=reinterpret pc=0x000002b7f176b7cc method=java.util.TreeMap.put(Ljava/lang/Object;Ljava/lang/Object;Z)Ljava/lang/Object; @ 27 c2
Event: 23.690 Thread 0x000002b786e32b00 DEOPT PACKING pc=0x000002b7f176b7cc sp=0x000000f5c54fe090
Event: 23.690 Thread 0x000002b786e32b00 DEOPT UNPACKING pc=0x000002b7f1009ea3 sp=0x000000f5c54fdfd8 mode 2
Event: 23.690 Thread 0x000002b786e32b00 Uncommon trap: trap_request=0xffffff45 fr.pc=0x000002b7f1768904 relative=0x0000000000000ce4
Event: 23.690 Thread 0x000002b786e32b00 Uncommon trap: reason=unstable_if action=reinterpret pc=0x000002b7f1768904 method=java.util.TreeMap.put(Ljava/lang/Object;Ljava/lang/Object;Z)Ljava/lang/Object; @ 27 c2
Event: 23.690 Thread 0x000002b786e32b00 DEOPT PACKING pc=0x000002b7f1768904 sp=0x000000f5c54fe020
Event: 23.690 Thread 0x000002b786e32b00 DEOPT UNPACKING pc=0x000002b7f1009ea3 sp=0x000000f5c54fdfe0 mode 2
Event: 23.796 Thread 0x000002b786e32b00 Uncommon trap: trap_request=0xffffff45 fr.pc=0x000002b7f1666148 relative=0x00000000000001a8
Event: 23.796 Thread 0x000002b786e32b00 Uncommon trap: reason=unstable_if action=reinterpret pc=0x000002b7f1666148 method=java.lang.ClassLoader.checkName(Ljava/lang/String;)Z @ 1 c2
Event: 23.796 Thread 0x000002b786e32b00 DEOPT PACKING pc=0x000002b7f1666148 sp=0x000000f5c54fde50
Event: 23.796 Thread 0x000002b786e32b00 DEOPT UNPACKING pc=0x000002b7f1009ea3 sp=0x000000f5c54fdde8 mode 2
Event: 23.796 Thread 0x000002b786e32b00 Uncommon trap: trap_request=0xffffff45 fr.pc=0x000002b7f15e8544 relative=0x0000000000001404
Event: 23.796 Thread 0x000002b786e32b00 Uncommon trap: reason=unstable_if action=reinterpret pc=0x000002b7f15e8544 method=lombok.patcher.ScriptManager$OurClassFileTransformer.transform(Ljava/lang/ClassLoader;Ljava/lang/String;Ljava/lang/Class;Ljava/security/ProtectionDomain;[B)[B @ 1 c2
Event: 23.796 Thread 0x000002b786e32b00 DEOPT PACKING pc=0x000002b7f15e8544 sp=0x000000f5c54fc940
Event: 23.796 Thread 0x000002b786e32b00 DEOPT UNPACKING pc=0x000002b7f1009ea3 sp=0x000000f5c54fc8c8 mode 2
Event: 23.800 Thread 0x000002b786e32b00 Uncommon trap: trap_request=0xffffff45 fr.pc=0x000002b7f1572ab8 relative=0x0000000000000038
Event: 23.800 Thread 0x000002b786e32b00 Uncommon trap: reason=unstable_if action=reinterpret pc=0x000002b7f1572ab8 method=java.lang.StringLatin1.canEncode(I)Z @ 4 c2
Event: 23.800 Thread 0x000002b786e32b00 DEOPT PACKING pc=0x000002b7f1572ab8 sp=0x000000f5c54fdfa0
Event: 23.800 Thread 0x000002b786e32b00 DEOPT UNPACKING pc=0x000002b7f1009ea3 sp=0x000000f5c54fdf30 mode 2

Classes unloaded (7 events):
Event: 12.338 Thread 0x000002b7e56a9a10 Unloading class 0x0000000100250400 'java/lang/invoke/LambdaForm$MH+0x0000000100250400'
Event: 12.338 Thread 0x000002b7e56a9a10 Unloading class 0x0000000100250000 'java/lang/invoke/LambdaForm$MH+0x0000000100250000'
Event: 12.338 Thread 0x000002b7e56a9a10 Unloading class 0x000000010024fc00 'java/lang/invoke/LambdaForm$MH+0x000000010024fc00'
Event: 12.338 Thread 0x000002b7e56a9a10 Unloading class 0x000000010024f800 'java/lang/invoke/LambdaForm$MH+0x000000010024f800'
Event: 12.338 Thread 0x000002b7e56a9a10 Unloading class 0x000000010024f400 'java/lang/invoke/LambdaForm$BMH+0x000000010024f400'
Event: 12.338 Thread 0x000002b7e56a9a10 Unloading class 0x000000010024f000 'java/lang/invoke/LambdaForm$DMH+0x000000010024f000'
Event: 12.338 Thread 0x000002b7e56a9a10 Unloading class 0x000000010024c400 'java/lang/invoke/LambdaForm$DMH+0x000000010024c400'

Classes redefined (0 events):
No events

Internal exceptions (20 events):
Event: 21.552 Thread 0x000002b786adf9c0 Exception <a 'java/io/FileNotFoundException'{0x00000000ebb9a6e8}> (0x00000000ebb9a6e8) 
thrown [s\src\hotspot\share\prims\jni.cpp, line 516]
Event: 22.174 Thread 0x000002b786adf9c0 Exception <a 'java/lang/UnsatisfiedLinkError'{0x00000000eb0e9d80}: The specified procedure could not be found.
> (0x00000000eb0e9d80) 
thrown [s\src\hotspot\share\prims\jni.cpp, line 535]
Event: 22.190 Thread 0x000002b786adf9c0 Exception <a 'java/io/FileNotFoundException'{0x00000000eb1774a0}> (0x00000000eb1774a0) 
thrown [s\src\hotspot\share\prims\jni.cpp, line 516]
Event: 22.243 Thread 0x000002b786adf9c0 Exception <a 'java/io/FileNotFoundException'{0x00000000eb2d6f70}> (0x00000000eb2d6f70) 
thrown [s\src\hotspot\share\prims\jni.cpp, line 516]
Event: 22.298 Thread 0x000002b786adf9c0 Exception <a 'java/lang/UnsatisfiedLinkError'{0x00000000eb3cc928}: The specified procedure could not be found.
> (0x00000000eb3cc928) 
thrown [s\src\hotspot\share\prims\jni.cpp, line 535]
Event: 22.349 Thread 0x000002b7e55fc3e0 Exception <a 'sun/nio/fs/WindowsException'{0x00000000eb62d380}> (0x00000000eb62d380) 
thrown [s\src\hotspot\share\prims\jni.cpp, line 516]
Event: 22.755 Thread 0x000002b7e55fc3e0 Exception <a 'java/lang/NoSuchMethodError'{0x00000000eac26ad0}: 'java.lang.Object java.lang.invoke.DirectMethodHandle$Holder.invokeStatic(java.lang.Object, java.lang.Object, long, java.lang.Object)'> (0x00000000eac26ad0) 
thrown [s\src\hotspot\share\interpreter\linkResolver.cpp, line 759]
Event: 22.756 Thread 0x000002b7e55fc3e0 Exception <a 'java/lang/NoSuchMethodError'{0x00000000eac2a568}: 'java.lang.Object java.lang.invoke.DirectMethodHandle$Holder.invokeStaticInit(java.lang.Object, java.lang.Object, long, java.lang.Object)'> (0x00000000eac2a568) 
thrown [s\src\hotspot\share\interpreter\linkResolver.cpp, line 759]
Event: 22.758 Thread 0x000002b7e55fc3e0 Exception <a 'java/lang/NoSuchMethodError'{0x00000000eac30e18}: 'java.lang.Object java.lang.invoke.DirectMethodHandle$Holder.newInvokeSpecial(java.lang.Object, java.lang.Object, long)'> (0x00000000eac30e18) 
thrown [s\src\hotspot\share\interpreter\linkResolver.cpp, line 759]
Event: 22.923 Thread 0x000002b7e55fc3e0 Exception <a 'java/lang/NoSuchMethodError'{0x00000000eaeec098}: 'void java.lang.invoke.DirectMethodHandle$Holder.invokeStatic(java.lang.Object, java.lang.Object, java.lang.Object, java.lang.Object)'> (0x00000000eaeec098) 
thrown [s\src\hotspot\share\interpreter\linkResolver.cpp, line 759]
Event: 23.671 Thread 0x000002b786e32b00 Exception <a 'java/lang/NoSuchMethodError'{0x00000000ebe275e8}: 'void java.lang.invoke.DirectMethodHandle$Holder.invokeStaticInit(java.lang.Object, java.lang.Object, java.lang.Object)'> (0x00000000ebe275e8) 
thrown [s\src\hotspot\share\interpreter\linkResolver.cpp, line 759]
Event: 23.680 Thread 0x000002b786e32b00 Exception <a 'java/lang/ExceptionInInitializerError'{0x00000000ebe68138}> (0x00000000ebe68138) 
thrown [s\src\hotspot\share\oops\instanceKlass.cpp, line 1218]
Event: 23.690 Thread 0x000002b786e32b00 Implicit null exception at 0x000002b7f176aaeb to 0x000002b7f176b7b4
Event: 23.690 Thread 0x000002b786e32b00 Implicit null exception at 0x000002b7f1767c6f to 0x000002b7f17688ec
Event: 23.796 Thread 0x000002b786e32b00 Implicit null exception at 0x000002b7f1665faf to 0x000002b7f166613c
Event: 23.796 Thread 0x000002b786e32b00 Implicit null exception at 0x000002b7f15e7189 to 0x000002b7f15e8524
Event: 23.807 Thread 0x000002b786e32b00 Exception <a 'java/lang/NoSuchMethodError'{0x00000000eac38690}: 'java.lang.Object java.lang.invoke.Invokers$Holder.invokeExact_MT(java.lang.Object, int, java.lang.Object)'> (0x00000000eac38690) 
thrown [s\src\hotspot\share\interpreter\linkResolver.cpp, line 759]
Event: 23.856 Thread 0x000002b786e32b00 Exception <a 'java/lang/NoSuchMethodError'{0x00000000eacf9b40}: 'int java.lang.invoke.DirectMethodHandle$Holder.invokeSpecial(java.lang.Object, java.lang.Object, java.lang.Object, java.lang.Object)'> (0x00000000eacf9b40) 
thrown [s\src\hotspot\share\interpreter\linkResolver.cpp, line 759]
Event: 23.870 Thread 0x000002b7e55fc3e0 Exception <a 'java/lang/NoSuchMethodError'{0x00000000ead94e28}: 'void java.lang.invoke.DirectMethodHandle$Holder.invokeSpecial(java.lang.Object, java.lang.Object, java.lang.Object, java.lang.Object, java.lang.Object, java.lang.Object)'> (0x00000000ead94e28) 
thrown [s\src\hotspot\share\interpreter\linkResolver.cpp, line 759]
Event: 23.873 Thread 0x000002b7e55fc3e0 Exception <a 'java/lang/IncompatibleClassChangeError'{0x00000000ead9e628}: Found class java.lang.Object, but interface was expected> (0x00000000ead9e628) 
thrown [s\src\hotspot\share\interpreter\linkResolver.cpp, line 826]

VM Operations (20 events):
Event: 21.257 Executing VM operation: HandshakeAllThreads
Event: 21.257 Executing VM operation: HandshakeAllThreads done
Event: 21.889 Executing VM operation: ParallelGCFailedAllocation
Event: 21.894 Executing VM operation: ParallelGCFailedAllocation done
Event: 21.943 Executing VM operation: HandshakeAllThreads
Event: 21.943 Executing VM operation: HandshakeAllThreads done
Event: 21.965 Executing VM operation: HandshakeAllThreads
Event: 21.965 Executing VM operation: HandshakeAllThreads done
Event: 22.106 Executing VM operation: HandshakeAllThreads
Event: 22.106 Executing VM operation: HandshakeAllThreads done
Event: 22.108 Executing VM operation: HandshakeAllThreads
Event: 22.108 Executing VM operation: HandshakeAllThreads done
Event: 22.711 Executing VM operation: ParallelGCFailedAllocation
Event: 22.716 Executing VM operation: ParallelGCFailedAllocation done
Event: 23.723 Executing VM operation: Cleanup
Event: 23.755 Executing VM operation: Cleanup done
Event: 23.755 Executing VM operation: ParallelGCFailedAllocation
Event: 23.760 Executing VM operation: ParallelGCFailedAllocation done
Event: 23.943 Executing VM operation: HandshakeAllThreads
Event: 23.943 Executing VM operation: HandshakeAllThreads done

Events (20 events):
Event: 24.026 Thread 0x000002b78993b780 Thread added: 0x000002b78993b780
Event: 24.026 Thread 0x000002b78993c1a0 Thread added: 0x000002b78993c1a0
Event: 24.026 loading class java/util/concurrent/ForkJoinPool
Event: 24.031 loading class java/util/concurrent/ForkJoinPool done
Event: 24.032 loading class java/lang/invoke/VarHandleInts$FieldStaticReadWrite
Event: 24.035 loading class java/lang/invoke/VarHandleInts$FieldStaticReadOnly
Event: 24.040 loading class java/lang/invoke/VarHandleInts$FieldStaticReadOnly done
Event: 24.040 loading class java/lang/invoke/VarHandleInts$FieldStaticReadWrite done
Event: 24.040 loading class java/util/concurrent/ForkJoinPool$DefaultForkJoinWorkerThreadFactory
Event: 24.040 loading class java/util/concurrent/ForkJoinPool$ForkJoinWorkerThreadFactory
Event: 24.040 loading class java/util/concurrent/ForkJoinPool$ForkJoinWorkerThreadFactory done
Event: 24.041 loading class java/util/concurrent/ForkJoinPool$DefaultForkJoinWorkerThreadFactory done
Event: 24.041 loading class java/util/concurrent/ForkJoinPool$1
Event: 24.041 loading class java/util/concurrent/ForkJoinPool$1 done
Event: 24.041 loading class java/util/concurrent/ForkJoinPool$DefaultCommonPoolForkJoinWorkerThreadFactory
Event: 24.041 loading class java/util/concurrent/ForkJoinPool$DefaultCommonPoolForkJoinWorkerThreadFactory done
Event: 24.042 loading class java/util/concurrent/ForkJoinPool$WorkQueue
Event: 24.042 loading class java/util/concurrent/ForkJoinPool$WorkQueue done
Event: 24.161 loading class jdk/internal/reflect/UnsafeQualifiedIntegerFieldAccessorImpl
Event: 24.161 loading class jdk/internal/reflect/UnsafeQualifiedIntegerFieldAccessorImpl done


Dynamic libraries:
0x00007ff6cc830000 - 0x00007ff6cc83e000 	c:\Users\admin\.vscode\extensions\redhat.java-1.28.1-win32-x64\jre\17.0.10-win32-x86_64\bin\java.exe
0x00007ffc12e90000 - 0x00007ffc130a6000 	C:\WINDOWS\SYSTEM32\ntdll.dll
0x00007ffc12160000 - 0x00007ffc12224000 	C:\WINDOWS\System32\KERNEL32.DLL
0x00007ffc10200000 - 0x00007ffc105a6000 	C:\WINDOWS\System32\KERNELBASE.dll
0x00007ffc10ac0000 - 0x00007ffc10bd1000 	C:\WINDOWS\System32\ucrtbase.dll
0x00007ffc06460000 - 0x00007ffc0647b000 	c:\Users\admin\.vscode\extensions\redhat.java-1.28.1-win32-x64\jre\17.0.10-win32-x86_64\bin\VCRUNTIME140.dll
0x00007ffc06660000 - 0x00007ffc06677000 	c:\Users\admin\.vscode\extensions\redhat.java-1.28.1-win32-x64\jre\17.0.10-win32-x86_64\bin\jli.dll
0x00007ffc11f20000 - 0x00007ffc120cd000 	C:\WINDOWS\System32\USER32.dll
0x00007ffc10900000 - 0x00007ffc10926000 	C:\WINDOWS\System32\win32u.dll
0x00007ffbde510000 - 0x00007ffbde7a3000 	C:\WINDOWS\WinSxS\amd64_microsoft.windows.common-controls_6595b64144ccf1df_6.0.22621.3235_none_270f74e173860f98\COMCTL32.dll
0x00007ffc12a10000 - 0x00007ffc12a39000 	C:\WINDOWS\System32\GDI32.dll
0x00007ffc124e0000 - 0x00007ffc12587000 	C:\WINDOWS\System32\msvcrt.dll
0x00007ffc10720000 - 0x00007ffc10838000 	C:\WINDOWS\System32\gdi32full.dll
0x00007ffc10930000 - 0x00007ffc109ca000 	C:\WINDOWS\System32\msvcp_win.dll
0x00007ffc119a0000 - 0x00007ffc119d1000 	C:\WINDOWS\System32\IMM32.DLL
0x00007ffc080d0000 - 0x00007ffc080dc000 	c:\Users\admin\.vscode\extensions\redhat.java-1.28.1-win32-x64\jre\17.0.10-win32-x86_64\bin\vcruntime140_1.dll
0x00007ffbe3830000 - 0x00007ffbe38bd000 	c:\Users\admin\.vscode\extensions\redhat.java-1.28.1-win32-x64\jre\17.0.10-win32-x86_64\bin\msvcp140.dll
0x00007ffbc0c30000 - 0x00007ffbc1892000 	c:\Users\admin\.vscode\extensions\redhat.java-1.28.1-win32-x64\jre\17.0.10-win32-x86_64\bin\server\jvm.dll
0x00007ffc10e90000 - 0x00007ffc10f42000 	C:\WINDOWS\System32\ADVAPI32.dll
0x00007ffc12da0000 - 0x00007ffc12e48000 	C:\WINDOWS\System32\sechost.dll
0x00007ffc101d0000 - 0x00007ffc101f8000 	C:\WINDOWS\System32\bcrypt.dll
0x00007ffc12b30000 - 0x00007ffc12c45000 	C:\WINDOWS\System32\RPCRT4.dll
0x00007ffc0fa30000 - 0x00007ffc0fa7d000 	C:\WINDOWS\SYSTEM32\POWRPROF.dll
0x00007ffc09500000 - 0x00007ffc09509000 	C:\WINDOWS\SYSTEM32\WSOCK32.dll
0x00007ffc12d00000 - 0x00007ffc12d71000 	C:\WINDOWS\System32\WS2_32.dll
0x00007ffc09810000 - 0x00007ffc09844000 	C:\WINDOWS\SYSTEM32\WINMM.dll
0x00007ffc087c0000 - 0x00007ffc087ca000 	C:\WINDOWS\SYSTEM32\VERSION.dll
0x00007ffc0f9e0000 - 0x00007ffc0f9f3000 	C:\WINDOWS\SYSTEM32\UMPDC.dll
0x00007ffc0f1d0000 - 0x00007ffc0f1e8000 	C:\WINDOWS\SYSTEM32\kernel.appcore.dll
0x00007ffc08080000 - 0x00007ffc0808a000 	c:\Users\admin\.vscode\extensions\redhat.java-1.28.1-win32-x64\jre\17.0.10-win32-x86_64\bin\jimage.dll
0x00007ffc0da10000 - 0x00007ffc0dc43000 	C:\WINDOWS\SYSTEM32\DBGHELP.DLL
0x00007ffc11b90000 - 0x00007ffc11f18000 	C:\WINDOWS\System32\combase.dll
0x00007ffc12a50000 - 0x00007ffc12b27000 	C:\WINDOWS\System32\OLEAUT32.dll
0x00007ffc07cf0000 - 0x00007ffc07d22000 	C:\WINDOWS\SYSTEM32\dbgcore.DLL
0x00007ffc10a40000 - 0x00007ffc10aba000 	C:\WINDOWS\System32\bcryptPrimitives.dll
0x00007ffc07a00000 - 0x00007ffc07a0e000 	c:\Users\admin\.vscode\extensions\redhat.java-1.28.1-win32-x64\jre\17.0.10-win32-x86_64\bin\instrument.dll
0x00007ffbfd370000 - 0x00007ffbfd395000 	c:\Users\admin\.vscode\extensions\redhat.java-1.28.1-win32-x64\jre\17.0.10-win32-x86_64\bin\java.dll
0x00007ffc060b0000 - 0x00007ffc060c8000 	c:\Users\admin\.vscode\extensions\redhat.java-1.28.1-win32-x64\jre\17.0.10-win32-x86_64\bin\zip.dll
0x00007ffc110b0000 - 0x00007ffc1190d000 	C:\WINDOWS\System32\SHELL32.dll
0x00007ffc0df80000 - 0x00007ffc0e878000 	C:\WINDOWS\SYSTEM32\windows.storage.dll
0x00007ffc0e8a0000 - 0x00007ffc0e9de000 	C:\WINDOWS\SYSTEM32\wintypes.dll
0x00007ffc123e0000 - 0x00007ffc124d3000 	C:\WINDOWS\System32\SHCORE.dll
0x00007ffc10da0000 - 0x00007ffc10dfe000 	C:\WINDOWS\System32\shlwapi.dll
0x00007ffc10100000 - 0x00007ffc10126000 	C:\WINDOWS\SYSTEM32\profapi.dll
0x00007ffc02a30000 - 0x00007ffc02a49000 	C:\Users\admin\.vscode\extensions\redhat.java-1.28.1-win32-x64\jre\17.0.10-win32-x86_64\bin\net.dll
0x00007ffc08f30000 - 0x00007ffc09067000 	C:\WINDOWS\SYSTEM32\WINHTTP.dll
0x00007ffc0f650000 - 0x00007ffc0f6b9000 	C:\WINDOWS\system32\mswsock.dll
0x00007ffbf9e70000 - 0x00007ffbf9e86000 	C:\Users\admin\.vscode\extensions\redhat.java-1.28.1-win32-x64\jre\17.0.10-win32-x86_64\bin\nio.dll
0x00007ffc06450000 - 0x00007ffc06460000 	c:\Users\admin\.vscode\extensions\redhat.java-1.28.1-win32-x64\jre\17.0.10-win32-x86_64\bin\verify.dll
0x00007ffbdbe60000 - 0x00007ffbdbe9e000 	C:\Users\admin\AppData\Roaming\Code\User\globalStorage\redhat.java\1.28.1\config_win\org.eclipse.equinox.launcher\org.eclipse.equinox.launcher.win32.win32.x86_64_1.2.900.v20240129-1338\eclipse_11900.dll
0x00007ffc119e0000 - 0x00007ffc11b7f000 	C:\WINDOWS\System32\ole32.dll
0x00007ffc0f8f0000 - 0x00007ffc0f90b000 	C:\WINDOWS\SYSTEM32\CRYPTSP.dll
0x00007ffc0f130000 - 0x00007ffc0f165000 	C:\WINDOWS\system32\rsaenh.dll
0x00007ffc0f780000 - 0x00007ffc0f7ac000 	C:\WINDOWS\SYSTEM32\USERENV.dll
0x00007ffc0f8e0000 - 0x00007ffc0f8ec000 	C:\WINDOWS\SYSTEM32\CRYPTBASE.dll
0x00007ffc0ec40000 - 0x00007ffc0ec6d000 	C:\WINDOWS\SYSTEM32\IPHLPAPI.DLL
0x00007ffc11910000 - 0x00007ffc11919000 	C:\WINDOWS\System32\NSI.dll
0x00007ffc09440000 - 0x00007ffc09459000 	C:\WINDOWS\SYSTEM32\dhcpcsvc6.DLL
0x00007ffc09420000 - 0x00007ffc0943f000 	C:\WINDOWS\SYSTEM32\dhcpcsvc.DLL
0x00007ffc0ecb0000 - 0x00007ffc0eda9000 	C:\WINDOWS\SYSTEM32\DNSAPI.dll
0x00007ffbdc100000 - 0x00007ffbdc145000 	C:\Users\admin\AppData\Local\Temp\jna-92668751\jna3169654806919016561.dll
0x00007ffc12a40000 - 0x00007ffc12a48000 	C:\WINDOWS\System32\PSAPI.DLL

dbghelp: loaded successfully - version: 4.0.5 - missing functions: none
symbol engine: initialized successfully - sym options: 0x614 - pdb path: .;c:\Users\admin\.vscode\extensions\redhat.java-1.28.1-win32-x64\jre\17.0.10-win32-x86_64\bin;C:\WINDOWS\SYSTEM32;C:\WINDOWS\WinSxS\amd64_microsoft.windows.common-controls_6595b64144ccf1df_6.0.22621.3235_none_270f74e173860f98;c:\Users\admin\.vscode\extensions\redhat.java-1.28.1-win32-x64\jre\17.0.10-win32-x86_64\bin\server;C:\Users\admin\AppData\Roaming\Code\User\globalStorage\redhat.java\1.28.1\config_win\org.eclipse.equinox.launcher\org.eclipse.equinox.launcher.win32.win32.x86_64_1.2.900.v20240129-1338;C:\Users\admin\AppData\Local\Temp\jna-92668751

VM Arguments:
jvm_args: --add-modules=ALL-SYSTEM --add-opens=java.base/java.util=ALL-UNNAMED --add-opens=java.base/java.lang=ALL-UNNAMED --add-opens=java.base/sun.nio.fs=ALL-UNNAMED -Declipse.application=org.eclipse.jdt.ls.core.id1 -Dosgi.bundles.defaultStartLevel=4 -Declipse.product=org.eclipse.jdt.ls.core.product -Djava.import.generatesMetadataFilesAtProjectRoot=false -DDetectVMInstallationsJob.disabled=true -Dfile.encoding=utf8 -XX:+UseParallelGC -XX:GCTimeRatio=4 -XX:AdaptiveSizePolicyWeight=90 -Dsun.zip.disableMemoryMapping=true -Xmx1G -Xms100m -Xlog:disable -javaagent:c:\Users\admin\.vscode\extensions\redhat.java-1.28.1-win32-x64\lombok\lombok-1.18.31.jar -XX:+HeapDumpOnOutOfMemoryError -XX:HeapDumpPath=c:\Users\admin\AppData\Roaming\Code\User\workspaceStorage\86684435ecdaca7268f7fd177b7a199d\redhat.java -Daether.dependencyCollector.impl=bf 
java_command: c:\Users\admin\.vscode\extensions\redhat.java-1.28.1-win32-x64\server\plugins\org.eclipse.equinox.launcher_1.6.700.v20231214-2017.jar -configuration c:\Users\admin\AppData\Roaming\Code\User\globalStorage\redhat.java\1.28.1\config_win -data c:\Users\admin\AppData\Roaming\Code\User\workspaceStorage\86684435ecdaca7268f7fd177b7a199d\redhat.java\jdt_ws --stdio
java_class_path (initial): c:\Users\admin\.vscode\extensions\redhat.java-1.28.1-win32-x64\server\plugins\org.eclipse.equinox.launcher_1.6.700.v20231214-2017.jar
Launcher Type: SUN_STANDARD

[Global flags]
    uintx AdaptiveSizePolicyWeight                 = 90                                        {product} {command line}
     intx CICompilerCount                          = 4                                         {product} {ergonomic}
    uintx GCTimeRatio                              = 4                                         {product} {command line}
     bool HeapDumpOnOutOfMemoryError               = true                                   {manageable} {command line}
    ccstr HeapDumpPath                             = c:\Users\admin\AppData\Roaming\Code\User\workspaceStorage\86684435ecdaca7268f7fd177b7a199d\redhat.java         {manageable} {command line}
   size_t InitialHeapSize                          = 104857600                                 {product} {command line}
   size_t MaxHeapSize                              = 1073741824                                {product} {command line}
   size_t MaxNewSize                               = 357564416                                 {product} {ergonomic}
   size_t MinHeapDeltaBytes                        = 524288                                    {product} {ergonomic}
   size_t MinHeapSize                              = 104857600                                 {product} {command line}
   size_t NewSize                                  = 34603008                                  {product} {ergonomic}
    uintx NonNMethodCodeHeapSize                   = 5839372                                {pd product} {ergonomic}
    uintx NonProfiledCodeHeapSize                  = 122909434                              {pd product} {ergonomic}
   size_t OldSize                                  = 70254592                                  {product} {ergonomic}
    uintx ProfiledCodeHeapSize                     = 122909434                              {pd product} {ergonomic}
    uintx ReservedCodeCacheSize                    = 251658240                              {pd product} {ergonomic}
     bool SegmentedCodeCache                       = true                                      {product} {ergonomic}
   size_t SoftMaxHeapSize                          = 1073741824                             {manageable} {ergonomic}
     bool UseCompressedClassPointers               = true                           {product lp64_product} {ergonomic}
     bool UseCompressedOops                        = true                           {product lp64_product} {ergonomic}
     bool UseLargePagesIndividualAllocation        = false                                  {pd product} {ergonomic}
     bool UseParallelGC                            = true                                      {product} {command line}

Logging:
Log output configuration:
 #0: stdout all=off uptime,level,tags
 #1: stderr all=off uptime,level,tags

Environment Variables:
JAVA_HOME=C:\Users\admin\.jdks\corretto-20.0.2.1
PATH=C:\WINDOWS\system32;C:\WINDOWS;C:\WINDOWS\System32\Wbem;C:\WINDOWS\System32\WindowsPowerShell\v1.0\;C:\WINDOWS\System32\OpenSSH\;D:\Program\nodejs\;D:\Program\Git\cmd;C:\Program Files\Calibre2\;D:\DATN\nginx-1.23.4;D:\Program\GitExtensions\;C:\Users\admin\AppData\Local\Programs\Python\Python311\Scripts\;C:\Users\admin\AppData\Local\Programs\Python\Python311\;C:\Users\admin\.console-ninja\.bin;C:\Users\admin\AppData\Local\Microsoft\WindowsApps;C:\Users\admin\AppData\Roaming\npm;D:\Program\IntelliJ IDEA Community Edition 2023.3.2\bin;;C:\Users\admin\AppData\Local\Programs\Microsoft VS Code\bin;D:\Program\ffmpeg\ffmpeg-2024-02-04-git-7375a6ca7b-full_build\bin;C:\Users\admin\.jdks\corretto-20.0.2.1\bin;D:\Program\apache-maven-3.8.8\bin;
USERNAME=admin
OS=Windows_NT
PROCESSOR_IDENTIFIER=Intel64 Family 6 Model 126 Stepping 5, GenuineIntel
TMP=C:\Users\admin\AppData\Local\Temp
TEMP=C:\Users\admin\AppData\Local\Temp



Periodic native trim disabled


---------------  S Y S T E M  ---------------

OS:
 Windows 11 , 64 bit Build 22621 (10.0.22621.3235)
OS uptime: 0 days 4:31 hours
Hyper-V role detected

CPU: total 8 (initial active 8) (4 cores per cpu, 2 threads per core) family 6 model 126 stepping 5 microcode 0xc2, cx8, cmov, fxsr, ht, mmx, 3dnowpref, sse, sse2, sse3, ssse3, sse4.1, sse4.2, popcnt, lzcnt, tsc, tscinvbit, avx, avx2, aes, erms, clmul, bmi1, bmi2, adx, avx512f, avx512dq, avx512cd, avx512bw, avx512vl, sha, fma, vzeroupper, avx512_vpopcntdq, avx512_vpclmulqdq, avx512_vaes, avx512_vnni, clflush, clflushopt, avx512_vbmi2, avx512_vbmi, hv
Processor Information for all 8 processors :
  Max Mhz: 1190, Current Mhz: 991, Mhz Limit: 987

Memory: 4k page, system-wide physical 12055M (2055M free)
TotalPageFile size 14457M (AvailPageFile size 5M)
current process WorkingSet (physical memory assigned to process): 201M, peak: 205M
current process commit charge ("private bytes"): 298M, peak: 299M

vm_info: OpenJDK 64-Bit Server VM (17.0.10+7) for windows-amd64 JRE (17.0.10+7), built on Jan 16 2024 23:25:11 by "admin" with MS VC++ 16.10 / 16.11 (VS2019)

END.
